Arguments: 
  /Users/jrose/.nvm/versions/node/v11.7.0/bin/node /usr/local/Cellar/yarn/1.3.2/libexec/bin/yarn.js build

PATH: 
  /Users/jrose/.nvm/versions/node/v11.7.0/bin:/Users/jrose/.rbenv/shims:/usr/local/bin:/usr/bin:/bin:/usr/sbin:/sbin:/usr/local/sbin:/Users/jrose/.rbenv/shims

Yarn version: 
  1.3.2

Node version: 
  11.7.0

Platform: 
  darwin x64

npm manifest: 
  {
    "name": "reducks",
    "version": "0.0.1",
    "description": "Global State Management using context and hooks",
    "main": "dist.js",
    "scripts": {
      "build": "uglifyjs index.js --comments [all] -o dist.js",
    },
    "author": "Jon Rose <jrose@carecloud.com>",
    "files": [
      "dist.js",
      "package.json"
    ],
    "license": "MIT",
    "dependencies": {
      "react": "^16.8.0"
    },
    "devDependencies": {
      "uglify-js": "^3.4.9"
    }
  }

yarn manifest: 
  No manifest

Lockfile: 
  # THIS IS AN AUTOGENERATED FILE. DO NOT EDIT THIS FILE DIRECTLY.
  # yarn lockfile v1
  
  
  commander@~2.17.1:
    version "2.17.1"
    resolved "https://registry.yarnpkg.com/commander/-/commander-2.17.1.tgz#bd77ab7de6de94205ceacc72f1716d29f20a77bf"
  
  "js-tokens@^3.0.0 || ^4.0.0":
    version "4.0.0"
    resolved "https://registry.yarnpkg.com/js-tokens/-/js-tokens-4.0.0.tgz#19203fb59991df98e3a287050d4647cdeaf32499"
  
  loose-envify@^1.1.0, loose-envify@^1.4.0:
    version "1.4.0"
    resolved "https://registry.yarnpkg.com/loose-envify/-/loose-envify-1.4.0.tgz#71ee51fa7be4caec1a63839f7e682d8132d30caf"
    dependencies:
      js-tokens "^3.0.0 || ^4.0.0"
  
  object-assign@^4.1.1:
    version "4.1.1"
    resolved "https://registry.yarnpkg.com/object-assign/-/object-assign-4.1.1.tgz#2109adc7965887cfc05cbbd442cac8bfbb360863"
  
  prop-types@^15.6.2:
    version "15.7.2"
    resolved "https://registry.yarnpkg.com/prop-types/-/prop-types-15.7.2.tgz#52c41e75b8c87e72b9d9360e0206b99dcbffa6c5"
    dependencies:
      loose-envify "^1.4.0"
      object-assign "^4.1.1"
      react-is "^16.8.1"
  
  react-is@^16.8.1:
    version "16.8.2"
    resolved "https://registry.yarnpkg.com/react-is/-/react-is-16.8.2.tgz#09891d324cad1cb0c1f2d91f70a71a4bee34df0f"
  
  react@^16.8.0:
    version "16.8.2"
    resolved "https://registry.yarnpkg.com/react/-/react-16.8.2.tgz#83064596feaa98d9c2857c4deae1848b542c9c0c"
    dependencies:
      loose-envify "^1.1.0"
      object-assign "^4.1.1"
      prop-types "^15.6.2"
      scheduler "^0.13.2"
  
  scheduler@^0.13.2:
    version "0.13.2"
    resolved "https://registry.yarnpkg.com/scheduler/-/scheduler-0.13.2.tgz#969eaee2764a51d2e97b20a60963b2546beff8fa"
    dependencies:
      loose-envify "^1.1.0"
      object-assign "^4.1.1"
  
  source-map@~0.6.1:
    version "0.6.1"
    resolved "https://registry.yarnpkg.com/source-map/-/source-map-0.6.1.tgz#74722af32e9614e9c287a8d0bbde48b5e2f1a263"
  
  uglify-js@^3.4.9:
    version "3.4.9"
    resolved "https://registry.yarnpkg.com/uglify-js/-/uglify-js-3.4.9.tgz#af02f180c1207d76432e473ed24a28f4a782bae3"
    dependencies:
      commander "~2.17.1"
      source-map "~0.6.1"

Trace: 
  SyntaxError: /Users/jrose/Documents/projects/reducks/package.json: Unexpected token } in JSON at position 213
      at JSON.parse (<anonymous>)
      at /usr/local/Cellar/yarn/1.3.2/libexec/lib/cli.js:770:59
      at Generator.next (<anonymous>)
      at step (/usr/local/Cellar/yarn/1.3.2/libexec/lib/cli.js:92:30)
      at /usr/local/Cellar/yarn/1.3.2/libexec/lib/cli.js:103:13
